CRITICAL - 2023-08-03 21:56:39 --> Unknown database 'javawebmedia_cifour'
#0 C:\xamppp\htdocs\cifour\system\Database\BaseConnection.php(377): CodeIgniter\Database\MySQLi\Connection->connect(false)
#1 C:\xamppp\htdocs\cifour\system\Database\BaseConnection.php(643): CodeIgniter\Database\BaseConnection->initialize()
#2 C:\xamppp\htdocs\cifour\system\Database\BaseBuilder.php(1819): CodeIgniter\Database\BaseConnection->query('SELECT `berita`...', Array, false)
#3 C:\xamppp\htdocs\cifour\system\Model.php(1702): CodeIgniter\Database\BaseBuilder->get()
#4 C:\xamppp\htdocs\cifour\app\Models\Berita_model.php(27): CodeIgniter\Model->__call('get', Array)
#5 C:\xamppp\htdocs\cifour\app\Controllers\Home.php(15): App\Models\Berita_model->listing()
#6 C:\xamppp\htdocs\cifour\system\CodeIgniter.php(910): App\Controllers\Home->index()
#7 C:\xamppp\htdocs\cifour\system\CodeIgniter.php(398): CodeIgniter\CodeIgniter->runController(Object(App\Controllers\Home))
#8 C:\xamppp\htdocs\cifour\system\CodeIgniter.php(306): CodeIgniter\CodeIgniter->handleRequest(NULL, Object(Config\Cache), false)
#9 C:\xamppp\htdocs\cifour\index.php(45): CodeIgniter\CodeIgniter->run()
#10 {main}
CRITICAL - 2023-08-03 21:56:45 --> Unknown database 'javawebmedia_cifour'
#0 C:\xamppp\htdocs\cifour\system\Database\BaseConnection.php(377): CodeIgniter\Database\MySQLi\Connection->connect(false)
#1 C:\xamppp\htdocs\cifour\system\Database\BaseConnection.php(643): CodeIgniter\Database\BaseConnection->initialize()
#2 C:\xamppp\htdocs\cifour\system\Database\BaseBuilder.php(1819): CodeIgniter\Database\BaseConnection->query('SELECT `berita`...', Array, false)
#3 C:\xamppp\htdocs\cifour\system\Model.php(1702): CodeIgniter\Database\BaseBuilder->get()
#4 C:\xamppp\htdocs\cifour\app\Models\Berita_model.php(27): CodeIgniter\Model->__call('get', Array)
#5 C:\xamppp\htdocs\cifour\app\Controllers\Home.php(15): App\Models\Berita_model->listing()
#6 C:\xamppp\htdocs\cifour\system\CodeIgniter.php(910): App\Controllers\Home->index()
#7 C:\xamppp\htdocs\cifour\system\CodeIgniter.php(398): CodeIgniter\CodeIgniter->runController(Object(App\Controllers\Home))
#8 C:\xamppp\htdocs\cifour\system\CodeIgniter.php(306): CodeIgniter\CodeIgniter->handleRequest(NULL, Object(Config\Cache), false)
#9 C:\xamppp\htdocs\cifour\index.php(45): CodeIgniter\CodeIgniter->run()
#10 {main}
CRITICAL - 2023-08-03 22:23:02 --> Call to a member function initialize() on null
#0 {main}
CRITICAL - 2023-08-03 22:33:24 --> Call to a member function initialize() on null
#0 {main}
