CRITICAL - 2023-08-04 00:56:07 --> Undefined variable: config
#0 C:\xamppp\htdocs\cifour\app\Controllers\Admin\User.php(15): CodeIgniter\Debug\Exceptions->errorHandler(8, 'Undefined varia...', 'C:\\xamppp\\htdoc...', 15, Array)
#1 C:\xamppp\htdocs\cifour\system\CodeIgniter.php(910): App\Controllers\admin\User->index()
#2 C:\xamppp\htdocs\cifour\system\CodeIgniter.php(398): CodeIgniter\CodeIgniter->runController(Object(App\Controllers\admin\User))
#3 C:\xamppp\htdocs\cifour\system\CodeIgniter.php(306): CodeIgniter\CodeIgniter->handleRequest(NULL, Object(Config\Cache), false)
#4 C:\xamppp\htdocs\cifour\index.php(45): CodeIgniter\CodeIgniter->run()
#5 {main}
CRITICAL - 2023-08-04 00:56:20 --> Undefined variable: config
#0 C:\xamppp\htdocs\cifour\app\Views\layout\wrapper.php(2): CodeIgniter\Debug\Exceptions->errorHandler(8, 'Undefined varia...', 'C:\\xamppp\\htdoc...', 2, Array)
#1 C:\xamppp\htdocs\cifour\system\View\View.php(236): include('C:\\xamppp\\htdoc...')
#2 C:\xamppp\htdocs\cifour\system\Common.php(1071): CodeIgniter\View\View->render('layout/wrapper', Array, true)
#3 C:\xamppp\htdocs\cifour\app\Controllers\Home.php(19): view('layout/wrapper', Array)
#4 C:\xamppp\htdocs\cifour\system\CodeIgniter.php(910): App\Controllers\Home->index()
#5 C:\xamppp\htdocs\cifour\system\CodeIgniter.php(398): CodeIgniter\CodeIgniter->runController(Object(App\Controllers\Home))
#6 C:\xamppp\htdocs\cifour\system\CodeIgniter.php(306): CodeIgniter\CodeIgniter->handleRequest(NULL, Object(Config\Cache), false)
#7 C:\xamppp\htdocs\cifour\index.php(45): CodeIgniter\CodeIgniter->run()
#8 {main}
CRITICAL - 2023-08-04 00:58:15 --> Undefined variable: config
#0 C:\xamppp\htdocs\cifour\app\Views\layout\wrapper.php(2): CodeIgniter\Debug\Exceptions->errorHandler(8, 'Undefined varia...', 'C:\\xamppp\\htdoc...', 2, Array)
#1 C:\xamppp\htdocs\cifour\system\View\View.php(236): include('C:\\xamppp\\htdoc...')
#2 C:\xamppp\htdocs\cifour\system\Common.php(1071): CodeIgniter\View\View->render('layout/wrapper', Array, true)
#3 C:\xamppp\htdocs\cifour\app\Controllers\Home.php(19): view('layout/wrapper', Array)
#4 C:\xamppp\htdocs\cifour\system\CodeIgniter.php(910): App\Controllers\Home->index()
#5 C:\xamppp\htdocs\cifour\system\CodeIgniter.php(398): CodeIgniter\CodeIgniter->runController(Object(App\Controllers\Home))
#6 C:\xamppp\htdocs\cifour\system\CodeIgniter.php(306): CodeIgniter\CodeIgniter->handleRequest(NULL, Object(Config\Cache), false)
#7 C:\xamppp\htdocs\cifour\index.php(45): CodeIgniter\CodeIgniter->run()
#8 {main}
CRITICAL - 2023-08-04 00:58:16 --> Undefined variable: config
#0 C:\xamppp\htdocs\cifour\app\Views\layout\wrapper.php(2): CodeIgniter\Debug\Exceptions->errorHandler(8, 'Undefined varia...', 'C:\\xamppp\\htdoc...', 2, Array)
#1 C:\xamppp\htdocs\cifour\system\View\View.php(236): include('C:\\xamppp\\htdoc...')
#2 C:\xamppp\htdocs\cifour\system\Common.php(1071): CodeIgniter\View\View->render('layout/wrapper', Array, true)
#3 C:\xamppp\htdocs\cifour\app\Controllers\Home.php(19): view('layout/wrapper', Array)
#4 C:\xamppp\htdocs\cifour\system\CodeIgniter.php(910): App\Controllers\Home->index()
#5 C:\xamppp\htdocs\cifour\system\CodeIgniter.php(398): CodeIgniter\CodeIgniter->runController(Object(App\Controllers\Home))
#6 C:\xamppp\htdocs\cifour\system\CodeIgniter.php(306): CodeIgniter\CodeIgniter->handleRequest(NULL, Object(Config\Cache), false)
#7 C:\xamppp\htdocs\cifour\index.php(45): CodeIgniter\CodeIgniter->run()
#8 {main}
CRITICAL - 2023-08-04 00:58:16 --> Undefined variable: config
#0 C:\xamppp\htdocs\cifour\app\Views\layout\wrapper.php(2): CodeIgniter\Debug\Exceptions->errorHandler(8, 'Undefined varia...', 'C:\\xamppp\\htdoc...', 2, Array)
#1 C:\xamppp\htdocs\cifour\system\View\View.php(236): include('C:\\xamppp\\htdoc...')
#2 C:\xamppp\htdocs\cifour\system\Common.php(1071): CodeIgniter\View\View->render('layout/wrapper', Array, true)
#3 C:\xamppp\htdocs\cifour\app\Controllers\Home.php(19): view('layout/wrapper', Array)
#4 C:\xamppp\htdocs\cifour\system\CodeIgniter.php(910): App\Controllers\Home->index()
#5 C:\xamppp\htdocs\cifour\system\CodeIgniter.php(398): CodeIgniter\CodeIgniter->runController(Object(App\Controllers\Home))
#6 C:\xamppp\htdocs\cifour\system\CodeIgniter.php(306): CodeIgniter\CodeIgniter->handleRequest(NULL, Object(Config\Cache), false)
#7 C:\xamppp\htdocs\cifour\index.php(45): CodeIgniter\CodeIgniter->run()
#8 {main}
CRITICAL - 2023-08-04 00:58:16 --> Undefined variable: config
#0 C:\xamppp\htdocs\cifour\app\Views\layout\wrapper.php(2): CodeIgniter\Debug\Exceptions->errorHandler(8, 'Undefined varia...', 'C:\\xamppp\\htdoc...', 2, Array)
#1 C:\xamppp\htdocs\cifour\system\View\View.php(236): include('C:\\xamppp\\htdoc...')
#2 C:\xamppp\htdocs\cifour\system\Common.php(1071): CodeIgniter\View\View->render('layout/wrapper', Array, true)
#3 C:\xamppp\htdocs\cifour\app\Controllers\Home.php(19): view('layout/wrapper', Array)
#4 C:\xamppp\htdocs\cifour\system\CodeIgniter.php(910): App\Controllers\Home->index()
#5 C:\xamppp\htdocs\cifour\system\CodeIgniter.php(398): CodeIgniter\CodeIgniter->runController(Object(App\Controllers\Home))
#6 C:\xamppp\htdocs\cifour\system\CodeIgniter.php(306): CodeIgniter\CodeIgniter->handleRequest(NULL, Object(Config\Cache), false)
#7 C:\xamppp\htdocs\cifour\index.php(45): CodeIgniter\CodeIgniter->run()
#8 {main}
CRITICAL - 2023-08-04 00:58:17 --> Undefined variable: config
#0 C:\xamppp\htdocs\cifour\app\Views\layout\wrapper.php(2): CodeIgniter\Debug\Exceptions->errorHandler(8, 'Undefined varia...', 'C:\\xamppp\\htdoc...', 2, Array)
#1 C:\xamppp\htdocs\cifour\system\View\View.php(236): include('C:\\xamppp\\htdoc...')
#2 C:\xamppp\htdocs\cifour\system\Common.php(1071): CodeIgniter\View\View->render('layout/wrapper', Array, true)
#3 C:\xamppp\htdocs\cifour\app\Controllers\Home.php(19): view('layout/wrapper', Array)
#4 C:\xamppp\htdocs\cifour\system\CodeIgniter.php(910): App\Controllers\Home->index()
#5 C:\xamppp\htdocs\cifour\system\CodeIgniter.php(398): CodeIgniter\CodeIgniter->runController(Object(App\Controllers\Home))
#6 C:\xamppp\htdocs\cifour\system\CodeIgniter.php(306): CodeIgniter\CodeIgniter->handleRequest(NULL, Object(Config\Cache), false)
#7 C:\xamppp\htdocs\cifour\index.php(45): CodeIgniter\CodeIgniter->run()
#8 {main}
CRITICAL - 2023-08-04 00:58:17 --> Undefined variable: config
#0 C:\xamppp\htdocs\cifour\app\Views\layout\wrapper.php(2): CodeIgniter\Debug\Exceptions->errorHandler(8, 'Undefined varia...', 'C:\\xamppp\\htdoc...', 2, Array)
#1 C:\xamppp\htdocs\cifour\system\View\View.php(236): include('C:\\xamppp\\htdoc...')
#2 C:\xamppp\htdocs\cifour\system\Common.php(1071): CodeIgniter\View\View->render('layout/wrapper', Array, true)
#3 C:\xamppp\htdocs\cifour\app\Controllers\Home.php(19): view('layout/wrapper', Array)
#4 C:\xamppp\htdocs\cifour\system\CodeIgniter.php(910): App\Controllers\Home->index()
#5 C:\xamppp\htdocs\cifour\system\CodeIgniter.php(398): CodeIgniter\CodeIgniter->runController(Object(App\Controllers\Home))
#6 C:\xamppp\htdocs\cifour\system\CodeIgniter.php(306): CodeIgniter\CodeIgniter->handleRequest(NULL, Object(Config\Cache), false)
#7 C:\xamppp\htdocs\cifour\index.php(45): CodeIgniter\CodeIgniter->run()
#8 {main}
CRITICAL - 2023-08-04 00:58:21 --> Undefined variable: config
#0 C:\xamppp\htdocs\cifour\app\Views\layout\wrapper.php(2): CodeIgniter\Debug\Exceptions->errorHandler(8, 'Undefined varia...', 'C:\\xamppp\\htdoc...', 2, Array)
#1 C:\xamppp\htdocs\cifour\system\View\View.php(236): include('C:\\xamppp\\htdoc...')
#2 C:\xamppp\htdocs\cifour\system\Common.php(1071): CodeIgniter\View\View->render('layout/wrapper', Array, true)
#3 C:\xamppp\htdocs\cifour\app\Controllers\Home.php(19): view('layout/wrapper', Array)
#4 C:\xamppp\htdocs\cifour\system\CodeIgniter.php(910): App\Controllers\Home->index()
#5 C:\xamppp\htdocs\cifour\system\CodeIgniter.php(398): CodeIgniter\CodeIgniter->runController(Object(App\Controllers\Home))
#6 C:\xamppp\htdocs\cifour\system\CodeIgniter.php(306): CodeIgniter\CodeIgniter->handleRequest(NULL, Object(Config\Cache), false)
#7 C:\xamppp\htdocs\cifour\index.php(45): CodeIgniter\CodeIgniter->run()
#8 {main}
CRITICAL - 2023-08-04 01:31:00 --> Access denied for user '****'@'localhost' (using password: YES)
#0 C:\xamppp\htdocs\cifour\system\Database\BaseConnection.php(377): CodeIgniter\Database\MySQLi\Connection->connect(false)
#1 C:\xamppp\htdocs\cifour\system\Database\BaseConnection.php(643): CodeIgniter\Database\BaseConnection->initialize()
#2 C:\xamppp\htdocs\cifour\system\Database\BaseBuilder.php(1819): CodeIgniter\Database\BaseConnection->query('SELECT `berita`...', Array, false)
#3 C:\xamppp\htdocs\cifour\system\Model.php(1702): CodeIgniter\Database\BaseBuilder->get()
#4 C:\xamppp\htdocs\cifour\app\Models\Berita_model.php(27): CodeIgniter\Model->__call('get', Array)
#5 C:\xamppp\htdocs\cifour\app\Controllers\Home.php(15): App\Models\Berita_model->listing()
#6 C:\xamppp\htdocs\cifour\system\CodeIgniter.php(910): App\Controllers\Home->index()
#7 C:\xamppp\htdocs\cifour\system\CodeIgniter.php(398): CodeIgniter\CodeIgniter->runController(Object(App\Controllers\Home))
#8 C:\xamppp\htdocs\cifour\system\CodeIgniter.php(306): CodeIgniter\CodeIgniter->handleRequest(NULL, Object(Config\Cache), false)
#9 C:\xamppp\htdocs\cifour\index.php(45): CodeIgniter\CodeIgniter->run()
#10 {main}
CRITICAL - 2023-08-04 01:53:46 --> Access denied for user '****'@'localhost' (using password: YES)
#0 C:\xamppp\htdocs\cifour\system\Database\BaseConnection.php(377): CodeIgniter\Database\MySQLi\Connection->connect(false)
#1 C:\xamppp\htdocs\cifour\system\Database\BaseConnection.php(643): CodeIgniter\Database\BaseConnection->initialize()
#2 C:\xamppp\htdocs\cifour\system\Database\BaseBuilder.php(1819): CodeIgniter\Database\BaseConnection->query('SELECT `berita`...', Array, false)
#3 C:\xamppp\htdocs\cifour\system\Model.php(1702): CodeIgniter\Database\BaseBuilder->get()
#4 C:\xamppp\htdocs\cifour\app\Models\Berita_model.php(27): CodeIgniter\Model->__call('get', Array)
#5 C:\xamppp\htdocs\cifour\app\Controllers\Home.php(15): App\Models\Berita_model->listing()
#6 C:\xamppp\htdocs\cifour\system\CodeIgniter.php(910): App\Controllers\Home->index()
#7 C:\xamppp\htdocs\cifour\system\CodeIgniter.php(398): CodeIgniter\CodeIgniter->runController(Object(App\Controllers\Home))
#8 C:\xamppp\htdocs\cifour\system\CodeIgniter.php(306): CodeIgniter\CodeIgniter->handleRequest(NULL, Object(Config\Cache), false)
#9 C:\xamppp\htdocs\cifour\index.php(45): CodeIgniter\CodeIgniter->run()
#10 {main}
